<?xml version="1.0" encoding="UTF-8"?>
<testng-results ignored="0" total="1" passed="1" failed="0" skipped="0">
  <reporter-output>
  </reporter-output>
  <suite started-at="2022-10-14T04:08:22 IST" name="Suite" finished-at="2022-10-14T04:08:27 IST" duration-ms="5205">
    <groups>
      <group name="Chrome">
        <method signature="mAadharTest.launchChrome()[pri:0, instance:com.demo.mAadharTest@5e3f861]" name="launchChrome" class="com.demo.mAadharTest"/>
      </group> <!-- Chrome -->
    </groups>
    <test started-at="2022-10-14T04:08:22 IST" name="Test" finished-at="2022-10-14T04:08:27 IST" duration-ms="5205">
      <class name="com.demo.mAadharTest">
        <test-method signature="launchChrome()[pri:0, instance:com.demo.mAadharTest@5e3f861]" started-at="2022-10-14T04:08:22 IST" name="launchChrome" finished-at="2022-10-14T04:08:27 IST" duration-ms="5169" status="PASS">
          <reporter-output>
          </reporter-output>
        </test-method> <!-- launchChrome -->
      </class> <!-- com.demo.mAadharTest -->
    </test> <!-- Test -->
  </suite> <!-- Suite -->
</testng-results>
