<?xml version="1.0" encoding="UTF-8"?>
<testng-results ignored="0" total="1" passed="1" failed="0" skipped="0">
  <reporter-output>
  </reporter-output>
  <suite started-at="2022-10-12T13:29:01 IST" name="Default suite" finished-at="2022-10-12T13:29:37 IST" duration-ms="35674">
    <groups>
    </groups>
    <test started-at="2022-10-12T13:29:01 IST" name="Default test" finished-at="2022-10-12T13:29:37 IST" duration-ms="35674">
      <class name="com.demo.test">
        <test-method is-config="true" signature="beforeMethod()[pri:0, instance:com.demo.test@cb0755b]" started-at="2022-10-12T13:29:01 IST" name="beforeMethod" finished-at="2022-10-12T13:29:03 IST" duration-ms="1674" status="PASS">
          <reporter-output>
          </reporter-output>
        </test-method> <!-- beforeMethod -->
        <test-method signature="flipkart()[pri:0, instance:com.demo.test@cb0755b]" started-at="2022-10-12T13:29:03 IST" name="flipkart" finished-at="2022-10-12T13:29:37 IST" duration-ms="33956" status="PASS">
          <reporter-output>
          </reporter-output>
        </test-method> <!-- flipkart -->
        <test-method is-config="true" signature="afterMethod()[pri:0, instance:com.demo.test@cb0755b]" started-at="2022-10-12T13:29:37 IST" name="afterMethod" finished-at="2022-10-12T13:29:37 IST" duration-ms="0" status="PASS">
          <reporter-output>
          </reporter-output>
        </test-method> <!-- afterMethod -->
      </class> <!-- com.demo.test -->
    </test> <!-- Default test -->
  </suite> <!-- Default suite -->
</testng-results>
